<?xml version="1.0" encoding="UTF-8"?>
<!-- Generated by org.testng.reporters.JUnitXMLReporter -->
<testsuite hostname="DESKTOP-5S5PDPE" ignored="0" name="Command line test" tests="3" failures="3" timestamp="12 Mar 2022 00:49:30 GMT" time="0.056" errors="0">
  <testcase name="validUserShouldBeAbleToAddCustomer" time="0.0" classname="test.AddCustomerTest">
    <failure type="org.testng.TestNGException" message="
Parameter &amp;apos;UserName&amp;apos; is required by @Test on method validUserShouldBeAbleToAddCustomer but has not been marked @Optional or defined
">
      <![CDATA[org.testng.TestNGException: 
Parameter 'UserName' is required by @Test on method validUserShouldBeAbleToAddCustomer but has not been marked @Optional or defined

... Removed 34 stack frames]]>
    </failure>
  </testcase> <!-- validUserShouldBeAbleToAddCustomer -->
  <testcase name="validUserShouldBeAbleToAddCustomerFromListCustomer" time="0.0" classname="test.AddCustomerTest">
    <failure type="org.testng.TestNGException" message="
Parameter &amp;apos;UserName&amp;apos; is required by @Test on method validUserShouldBeAbleToAddCustomerFromListCustomer but has not been marked @Optional or defined
">
      <![CDATA[org.testng.TestNGException: 
Parameter 'UserName' is required by @Test on method validUserShouldBeAbleToAddCustomerFromListCustomer but has not been marked @Optional or defined

... Removed 34 stack frames]]>
    </failure>
  </testcase> <!-- validUserShouldBeAbleToAddCustomerFromListCustomer -->
  <testcase name="validUserShoulBeAbleToLogin" time="0.0" classname="test.LoginTest">
    <failure type="org.testng.TestNGException" message="
Parameter &amp;apos;UserName&amp;apos; is required by @Test on method validUserShoulBeAbleToLogin but has not been marked @Optional or defined
">
      <![CDATA[org.testng.TestNGException: 
Parameter 'UserName' is required by @Test on method validUserShoulBeAbleToLogin but has not been marked @Optional or defined

... Removed 34 stack frames]]>
    </failure>
  </testcase> <!-- validUserShoulBeAbleToLogin -->
</testsuite> <!-- Command line test -->
