<?xml version="1.0" encoding="UTF-8"?>
<testng-results skipped="0" failed="1" ignored="0" total="1" passed="0">
  <reporter-output>
  </reporter-output>
  <suite name="regression" duration-ms="65" started-at="2022-03-11T17:23:11 HST" finished-at="2022-03-11T17:23:11 HST">
    <groups>
    </groups>
    <test name="LoginTest" duration-ms="65" started-at="2022-03-11T17:23:11 HST" finished-at="2022-03-11T17:23:11 HST">
      <class name="test.LoginTest">
        <test-method status="FAIL" signature="validUserShoulBeAbleToLogin(java.lang.String,java.lang.String)[pri:0, instance:test.LoginTest@1f57539]" name="validUserShoulBeAbleToLogin" duration-ms="0" started-at="2022-03-11T17:23:11 HST" finished-at="2022-03-11T17:23:11 HST">
          <exception class="org.testng.TestNGException">
            <message>
              <![CDATA[
Parameter 'password' is required by @Test on method validUserShoulBeAbleToLogin but has not been marked @Optional or defined
in C:\Users\Kevadia\QASeptember2021\XML_PJ\src\main\java\testData\regression.xml]]>
            </message>
            <full-stacktrace>
              <![CDATA[org.testng.TestNGException: 
Parameter 'password' is required by @Test on method validUserShoulBeAbleToLogin but has not been marked @Optional or defined
in C:\Users\Kevadia\QASeptember2021\XML_PJ\src\main\java\testData\regression.xml
at org.testng.internal.Parameters.createParams(Parameters.java:270)
at org.testng.internal.Parameters.createParametersForMethod(Parameters.java:358)
at org.testng.internal.Parameters.createParameters(Parameters.java:700)
at org.testng.internal.Parameters.handleParameters(Parameters.java:884)
at org.testng.internal.Parameters.handleParameters(Parameters.java:740)
at org.testng.internal.ParameterHandler.handleParameters(ParameterHandler.java:59)
at org.testng.internal.ParameterHandler.createParameters(ParameterHandler.java:38)
at org.testng.internal.TestInvoker$MethodInvocationAgent.invoke(TestInvoker.java:791)
at org.testng.internal.TestInvoker.invokeTestMethods(TestInvoker.java:146)
at org.testng.internal.TestMethodWorker.invokeTestMethods(TestMethodWorker.java:146)
at org.testng.internal.TestMethodWorker.run(TestMethodWorker.java:128)
at java.util.ArrayList.forEach(ArrayList.java:1259)
at org.testng.TestRunner.privateRun(TestRunner.java:794)
at org.testng.TestRunner.run(TestRunner.java:596)
at org.testng.SuiteRunner.runTest(SuiteRunner.java:377)
at org.testng.SuiteRunner.runSequentially(SuiteRunner.java:371)
at org.testng.SuiteRunner.privateRun(SuiteRunner.java:332)
at org.testng.SuiteRunner.run(SuiteRunner.java:276)
at org.testng.SuiteRunnerWorker.runSuite(SuiteRunnerWorker.java:53)
at org.testng.SuiteRunnerWorker.run(SuiteRunnerWorker.java:96)
at org.testng.TestNG.runSuitesSequentially(TestNG.java:1212)
at org.testng.TestNG.runSuitesLocally(TestNG.java:1134)
at org.testng.TestNG.runSuites(TestNG.java:1063)
at org.testng.TestNG.run(TestNG.java:1031)
at org.testng.remote.AbstractRemoteTestNG.run(AbstractRemoteTestNG.java:115)
at org.testng.remote.RemoteTestNG.initAndRun(RemoteTestNG.java:251)
at org.testng.remote.RemoteTestNG.main(RemoteTestNG.java:77)
]]>
            </full-stacktrace>
          </exception> <!-- org.testng.TestNGException -->
          <reporter-output>
          </reporter-output>
        </test-method> <!-- validUserShoulBeAbleToLogin -->
      </class> <!-- test.LoginTest -->
    </test> <!-- LoginTest -->
  </suite> <!-- regression -->
</testng-results>
