<?xml version="1.0" encoding="UTF-8"?>
<!-- Generated by org.testng.reporters.JUnitXMLReporter -->
<testsuite hostname="DESKTOP-5S5PDPE" ignored="0" name="LoginTest" tests="1" failures="1" timestamp="2022-03-11T15:18:39 HST" time="0.06" errors="0">
  <testcase name="validUserShoulBeAbleToLogin" time="0.0" classname="test.LoginTest">
    <failure type="org.testng.TestNGException" message="
Parameter &amp;apos;password&amp;apos; is required by @Test on method validUserShoulBeAbleToLogin but has not been marked @Optional or defined
in C:\Users\Kevadia\QASeptember2021\XML_PJ\src\main\java\testData\smoke.xml">
      <![CDATA[org.testng.TestNGException: 
Parameter 'password' is required by @Test on method validUserShoulBeAbleToLogin but has not been marked @Optional or defined
in C:\Users\Kevadia\QASeptember2021\XML_PJ\src\main\java\testData\smoke.xml
at java.util.ArrayList.forEach(ArrayList.java:1259)
... Removed 26 stack frames]]>
    </failure>
  </testcase> <!-- validUserShoulBeAbleToLogin -->
</testsuite> <!-- LoginTest -->
